


 ########  #          ######   #           #
 #         #         #      #   #         # 
 #####     #         #      #    #   #   #  
 #         #         #      #     # # # #   
 #         #######    ######       #   #    

Flow is a simulator for fully implicit three-phase black-oil flow, and is part of OPM.
For more information visit: https://opm-project.org 

Flow Version     =  2022.04 (unknown git version)
Machine name     =  orion (Number of logical cores: 8, Memory size: 7831.00 MB) 
Operating system =  Linux x86_64 (Kernel: 5.15.0-37-generic, #39-Ubuntu SMP Wed Jun 1 19:16:45 UTC 2022 )
Build time       =  2022-05-12 at 12:21:41 hrs
User             =  samuel
Simulation started on 15-06-2022 at 23:33:10 hrs
Parameters used by Flow:
# [known parameters which were specified at run-time]
EclDeckFileName="../Output/0/75.DATA" # default: ""
# [parameters which were specified at compile-time]
AcceleratorMode="none"
AllowDistributedWells="0"
AlternativeWellRateInit="1"
BdaDeviceId="0"
ContinueOnConvergenceError="0"
CprMaxEllIter="20"
CprReuseSetup="3"
DbhpMaxRel="1"
DpMaxRel="0.3"
DsMax="0.2"
DwellFractionMax="0.2"
EclEnableDriftCompensation="1"
EclEnableTuning="0"
EclMaxTimeStepSizeAfterWellEvent="3.15576e+07"
EclNewtonRelaxedTolerance="1e+09"
EclNewtonRelaxedVolumeFraction="0.03"
EclNewtonStrictIterations="8"
EclNewtonSumTolerance="0.0001"
EclNewtonSumToleranceExponent="0.333333"
EclOutputDoublePrecision="0"
EclOutputInterval="-1"
EclRestartShrinkFactor="3"
EclStrictParsing="0"
EdgeWeightsMethod="1"
EnableAdaptiveTimeStepping="1"
EnableAsyncEclOutput="1"
EnableAsyncVtkOutput="1"
EnableDryRun="auto"
EnableEclOutput="1"
EnableEsmry="0"
EnableGravity="1"
EnableGridAdaptation="0"
EnableIntensiveQuantityCache="1"
EnableLoggingFalloutWarning="0"
EnableOpmRstFile="0"
EnableStorageCache="1"
EnableTerminalOutput="1"
EnableThermodynamicHints="0"
EnableTuning="0"
EnableVtkOutput="0"
EnableWellOperabilityCheck="1"
EnableWellOperabilityCheckIter="0"
EnableWriteAllSolutions="0"
EndTime="1e+100"
FlowLinearSolverVerbosity="0"
FlowNewtonMaxIterations="20"
FlowNewtonMinIterations="1"
ForceDisableFluidInPlaceOutput="0"
ForceDisableResvFluidInPlaceOutput="0"
FpgaBitstream=""
FullTimeStepInitially="0"
IgnoreKeywords=""
IluFillinLevel="0"
IluRedblack="0"
IluRelaxation="0.9"
IluReorderSpheres="0"
InitialTimeStepInDays="1"
InitialTimeStepSize="86400"
LinearSolverIgnoreConvergenceFailure="0"
LinearSolverMaxIter="200"
LinearSolverReduction="0.01"
LinearSolverRequireFullSparsityPattern="0"
LinearSolverRestart="40"
Linsolver="ilu0"
MatrixAddWellContributions="0"
MaxInnerIterMsWells="100"
MaxInnerIterWells="50"
MaxNewtonIterationsWithInnerWellIterations="8"
MaxPressureChangeMsWells="1e+06"
MaxResidualAllowed="1e+07"
MaxSinglePrecisionDays="20"
MaxStrictIter="0"
MaxTemperatureChange="5"
MaxTimeStepDivisions="10"
MaxTimeStepSize="inf"
MaxWelleqIter="30"
MaximumNumberOfWellSwitches="3"
MiluVariant="ILU"
MinTimeStepBasedOnNewtonIterations="0"
MinTimeStepBeforeShuttingProblematicWellsInDays="0.01"
MinTimeStepSize="0"
NewtonMaxError="1e+10"
NewtonMaxIterations="14"
NewtonMaxRelax="0.5"
NewtonRelaxationType="dampen"
NewtonTargetIterations="6"
NewtonTolerance="0.01"
NewtonVerbose="1"
NewtonWriteConvergence="0"
OpenclIluReorder=""
OpenclPlatformId="0"
OutputDir=""
OutputInterval="1"
OutputMode="all"
OwnerCellsFirst="1"
ParameterFile=""
PredeterminedTimeStepsFile=""
PriVarOscilationThreshold="1e-05"
PrintParameters="2"
PrintProperties="2"
ProjectSaturations="0"
RegularizationFactorMsw="1"
RelaxedMaxPvFraction="0.03"
RelaxedPressureTolMsw="50000"
RelaxedWellFlowTol="1"
RestartTime="-1e+35"
RestartWritingInterval="16777215"
ScaleLinearSystem="0"
SchedRestart="0"
SerialPartitioning="0"
ShutUnsolvableWells="0"
SolveWelleqInitially="1"
SolverContinueOnConvergenceFailure="0"
SolverGrowthFactor="2"
SolverMaxGrowth="3"
SolverMaxRestarts="10"
SolverMaxTimeStepInDays="365"
SolverMinTimeStep="1e-12"
SolverRestartFactor="0.33"
SolverVerbosity="1"
StrictInnerIterWells="40"
StrictOuterIterWells="99"
TemperatureMax="400"
TemperatureMin="280"
ThreadsPerProcess="-1"
TimeStepAfterEventInDays="-1"
TimeStepControl="pid+newtoniteration"
TimeStepControlDecayDampingFactor="1"
TimeStepControlDecayRate="0.75"
TimeStepControlFileName="timesteps"
TimeStepControlGrowthDampingFactor="3.2"
TimeStepControlGrowthRate="1.25"
TimeStepControlTargetIterations="30"
TimeStepControlTargetNewtonIterations="8"
TimeStepControlTolerance="0.1"
TimeStepVerbosity="1"
ToleranceCnv="0.01"
ToleranceCnvRelaxed="1"
ToleranceMb="1e-06"
TolerancePressureMsWells="1000"
ToleranceWellControl="1e-07"
ToleranceWells="0.0001"
UpdateEquationsScaling="0"
UseGmres="0"
UseMultisegmentWell="1"
UseUpdateStabilization="1"
VtkWriteAverageMolarMasses="0"
VtkWriteDensities="1"
VtkWriteDiffusionCoefficients="0"
VtkWriteDofIndex="0"
VtkWriteEclTracerConcentration="0"
VtkWriteEffectiveDiffusionCoefficients="0"
VtkWriteExtrusionFactor="0"
VtkWriteFilterVelocities="0"
VtkWriteFugacities="0"
VtkWriteFugacityCoeffs="0"
VtkWriteGasDissolutionFactor="0"
VtkWriteGasFormationVolumeFactor="0"
VtkWriteGasSaturationPressure="0"
VtkWriteIntrinsicPermeabilities="0"
VtkWriteMassFractions="0"
VtkWriteMobilities="0"
VtkWriteMolarities="0"
VtkWriteMoleFractions="1"
VtkWriteOilFormationVolumeFactor="0"
VtkWriteOilSaturationPressure="0"
VtkWriteOilVaporizationFactor="0"
VtkWritePorosity="1"
VtkWritePotentialGradients="0"
VtkWritePressures="1"
VtkWritePrimaryVars="0"
VtkWritePrimaryVarsMeaning="0"
VtkWriteProcessRank="0"
VtkWriteRelativePermeabilities="1"
VtkWriteSaturatedGasOilVaporizationFactor="0"
VtkWriteSaturatedOilGasDissolutionFactor="0"
VtkWriteSaturationRatios="0"
VtkWriteSaturations="1"
VtkWriteTemperature="1"
VtkWriteTortuosities="0"
VtkWriteTotalMassFractions="0"
VtkWriteTotalMoleFractions="0"
VtkWriteViscosities="0"
VtkWriteWaterFormationVolumeFactor="0"
ZoltanImbalanceTol="1.1"

Reading deck file '../Output/0/75.DATA'
    0 Reading RUNSPEC  in ../Output/0/75.DATA line 20
    1 Reading TITLE    in ../Output/0/75.DATA line 23
    2 Reading DIMENS   in ../Output/0/75.DATA line 26
    3 Reading EQLDIMS  in ../Output/0/75.DATA line 31
    4 Reading TABDIMS  in ../Output/0/75.DATA line 36
    5 Reading OIL      in ../Output/0/75.DATA line 39
    6 Reading GAS      in ../Output/0/75.DATA line 40
    7 Reading WATER    in ../Output/0/75.DATA line 41
    8 Reading DISGAS   in ../Output/0/75.DATA line 42
    9 Reading FIELD    in ../Output/0/75.DATA line 46
   10 Reading START    in ../Output/0/75.DATA line 48
   11 Reading WELLDIMS in ../Output/0/75.DATA line 51
   12 Reading UNIFOUT  in ../Output/0/75.DATA line 62
   13 Reading GRID     in ../Output/0/75.DATA line 64
   14 Reading INIT     in ../Output/0/75.DATA line 71
   15 Reading NOECHO   in ../Output/0/75.DATA line 75
   16 Reading DX       in ../Output/0/75.DATA line 77
   17 Reading DY       in ../Output/0/75.DATA line 80
   18 Reading DZ       in ../Output/0/75.DATA line 83
   19 Reading TOPS     in ../Output/0/75.DATA line 87
   20 Reading PORO     in ../Output/0/75.DATA line 91

Error: Problem with keyword PORO
In ../Output/0/75.DATA line 91.
Internal error: Malformed floating point number 'PERMX'

Error: Unrecoverable errors were encountered while loading input


Error summary:
Warnings          0
Info              22
Errors            2
Bugs              0
Debug             0
Problems          0

